2022-06-09_23-38-16 [restartedMain] INFO  c.p.p.ProcessPensionServiceApplication - Starting ProcessPensionServiceApplication using Java 13 on DESKTOP-KA0RH82 with PID 8800 (C:\Users\SHREYASH\Desktop\New folder (2)\pension-management-system-main\process-pension-service\target\classes started by SHREYASH in C:\Users\SHREYASH\Desktop\New folder (2)\pension-management-system-main\process-pension-service)
2022-06-09_23-38-16 [restartedMain] INFO  c.p.p.ProcessPensionServiceApplication - No active profile set, falling back to default profiles: default
2022-06-09_23-38-16 [restartedMain] INFO  o.s.b.d.e.DevToolsPropertyDefaultsPostProcessor - Devtools property defaults active! Set 'spring.devtools.add-properties' to 'false' to disable
2022-06-09_23-38-16 [restartedMain] INFO  o.s.b.d.e.DevToolsPropertyDefaultsPostProcessor - For additional web related logging consider setting the 'logging.level.web' property to 'DEBUG'
2022-06-09_23-38-16 [restartedMain] INFO  o.s.cloud.context.scope.GenericScope - BeanFactory id=a1a9d42e-79a1-36db-85a9-9e5007d0bebf
2022-06-09_23-38-16 [restartedMain] INFO  o.s.b.w.e.tomcat.TomcatWebServer - Tomcat initialized with port(s): 5001 (http)
2022-06-09_23-38-16 [restartedMain] INFO  o.a.coyote.http11.Http11NioProtocol - Initializing ProtocolHandler ["http-nio-5001"]
2022-06-09_23-38-16 [restartedMain] INFO  o.a.catalina.core.StandardService - Starting service [Tomcat]
2022-06-09_23-38-16 [restartedMain] INFO  o.a.catalina.core.StandardEngine - Starting Servlet engine: [Apache Tomcat/9.0.56]
2022-06-09_23-38-16 [restartedMain] INFO  o.a.c.c.C.[Tomcat].[localhost].[/] - Initializing Spring embedded WebApplicationContext
2022-06-09_23-38-16 [restartedMain] INFO  o.s.b.w.s.c.ServletWebServerApplicationContext - Root WebApplicationContext: initialization completed in 2624 ms
2022-06-09_23-38-16 [restartedMain] INFO  o.a.catalina.core.StandardService - Stopping service [Tomcat]
2022-06-09_23-38-16 [restartedMain] INFO  o.s.b.a.l.ConditionEvaluationReportLoggingListener - 

Error starting ApplicationContext. To display the conditions report re-run your application with 'debug' enabled.
2022-06-09_23-40-06 [restartedMain] INFO  c.p.p.ProcessPensionServiceApplication - Starting ProcessPensionServiceApplication using Java 13 on DESKTOP-KA0RH82 with PID 10300 (C:\Users\SHREYASH\Desktop\New folder (2)\pension-management-system-main\process-pension-service\target\classes started by SHREYASH in C:\Users\SHREYASH\Desktop\New folder (2)\pension-management-system-main\process-pension-service)
2022-06-09_23-40-06 [restartedMain] INFO  c.p.p.ProcessPensionServiceApplication - No active profile set, falling back to default profiles: default
2022-06-09_23-40-06 [restartedMain] INFO  o.s.b.d.e.DevToolsPropertyDefaultsPostProcessor - Devtools property defaults active! Set 'spring.devtools.add-properties' to 'false' to disable
2022-06-09_23-40-06 [restartedMain] INFO  o.s.b.d.e.DevToolsPropertyDefaultsPostProcessor - For additional web related logging consider setting the 'logging.level.web' property to 'DEBUG'
2022-06-09_23-40-06 [restartedMain] INFO  o.s.cloud.context.scope.GenericScope - BeanFactory id=a1a9d42e-79a1-36db-85a9-9e5007d0bebf
2022-06-09_23-40-06 [restartedMain] INFO  o.s.b.w.e.tomcat.TomcatWebServer - Tomcat initialized with port(s): 5001 (http)
2022-06-09_23-40-06 [restartedMain] INFO  o.a.coyote.http11.Http11NioProtocol - Initializing ProtocolHandler ["http-nio-5001"]
2022-06-09_23-40-06 [restartedMain] INFO  o.a.catalina.core.StandardService - Starting service [Tomcat]
2022-06-09_23-40-06 [restartedMain] INFO  o.a.catalina.core.StandardEngine - Starting Servlet engine: [Apache Tomcat/9.0.56]
2022-06-09_23-40-06 [restartedMain] INFO  o.a.c.c.C.[Tomcat].[localhost].[/] - Initializing Spring embedded WebApplicationContext
2022-06-09_23-40-06 [restartedMain] INFO  o.s.b.w.s.c.ServletWebServerApplicationContext - Root WebApplicationContext: initialization completed in 2500 ms
2022-06-09_23-40-06 [restartedMain] INFO  o.a.catalina.core.StandardService - Stopping service [Tomcat]
2022-06-09_23-40-06 [restartedMain] INFO  o.s.b.a.l.ConditionEvaluationReportLoggingListener - 

Error starting ApplicationContext. To display the conditions report re-run your application with 'debug' enabled.
2022-06-09_23-41-24 [restartedMain] INFO  c.p.p.ProcessPensionServiceApplication - Starting ProcessPensionServiceApplication using Java 13 on DESKTOP-KA0RH82 with PID 11548 (C:\Users\SHREYASH\Desktop\New folder (2)\pension-management-system-main\process-pension-service\target\classes started by SHREYASH in C:\Users\SHREYASH\Desktop\New folder (2)\pension-management-system-main\process-pension-service)
2022-06-09_23-41-24 [restartedMain] INFO  c.p.p.ProcessPensionServiceApplication - No active profile set, falling back to default profiles: default
2022-06-09_23-41-24 [restartedMain] INFO  o.s.b.d.e.DevToolsPropertyDefaultsPostProcessor - Devtools property defaults active! Set 'spring.devtools.add-properties' to 'false' to disable
2022-06-09_23-41-24 [restartedMain] INFO  o.s.b.d.e.DevToolsPropertyDefaultsPostProcessor - For additional web related logging consider setting the 'logging.level.web' property to 'DEBUG'
2022-06-09_23-41-24 [restartedMain] INFO  o.s.cloud.context.scope.GenericScope - BeanFactory id=a1a9d42e-79a1-36db-85a9-9e5007d0bebf
2022-06-09_23-41-24 [restartedMain] INFO  o.s.b.w.e.tomcat.TomcatWebServer - Tomcat initialized with port(s): 5001 (http)
2022-06-09_23-41-24 [restartedMain] INFO  o.a.coyote.http11.Http11NioProtocol - Initializing ProtocolHandler ["http-nio-5001"]
2022-06-09_23-41-24 [restartedMain] INFO  o.a.catalina.core.StandardService - Starting service [Tomcat]
2022-06-09_23-41-24 [restartedMain] INFO  o.a.catalina.core.StandardEngine - Starting Servlet engine: [Apache Tomcat/9.0.56]
2022-06-09_23-41-24 [restartedMain] INFO  o.a.c.c.C.[Tomcat].[localhost].[/] - Initializing Spring embedded WebApplicationContext
2022-06-09_23-41-24 [restartedMain] INFO  o.s.b.w.s.c.ServletWebServerApplicationContext - Root WebApplicationContext: initialization completed in 2416 ms
2022-06-09_23-41-24 [restartedMain] INFO  o.a.catalina.core.StandardService - Stopping service [Tomcat]
2022-06-09_23-41-24 [restartedMain] INFO  o.s.b.a.l.ConditionEvaluationReportLoggingListener - 

Error starting ApplicationContext. To display the conditions report re-run your application with 'debug' enabled.
2022-06-09_23-41-57 [restartedMain] INFO  c.p.p.ProcessPensionServiceApplication - Starting ProcessPensionServiceApplication using Java 13 on DESKTOP-KA0RH82 with PID 8400 (C:\Users\SHREYASH\Desktop\New folder (2)\pension-management-system-main\process-pension-service\target\classes started by SHREYASH in C:\Users\SHREYASH\Desktop\New folder (2)\pension-management-system-main\process-pension-service)
2022-06-09_23-41-57 [restartedMain] INFO  c.p.p.ProcessPensionServiceApplication - No active profile set, falling back to default profiles: default
2022-06-09_23-41-57 [restartedMain] INFO  o.s.b.d.e.DevToolsPropertyDefaultsPostProcessor - Devtools property defaults active! Set 'spring.devtools.add-properties' to 'false' to disable
2022-06-09_23-41-57 [restartedMain] INFO  o.s.b.d.e.DevToolsPropertyDefaultsPostProcessor - For additional web related logging consider setting the 'logging.level.web' property to 'DEBUG'
2022-06-09_23-41-57 [restartedMain] INFO  o.s.cloud.context.scope.GenericScope - BeanFactory id=a1a9d42e-79a1-36db-85a9-9e5007d0bebf
2022-06-09_23-41-57 [restartedMain] INFO  o.s.b.w.e.tomcat.TomcatWebServer - Tomcat initialized with port(s): 5001 (http)
2022-06-09_23-41-57 [restartedMain] INFO  o.a.coyote.http11.Http11NioProtocol - Initializing ProtocolHandler ["http-nio-5001"]
2022-06-09_23-41-57 [restartedMain] INFO  o.a.catalina.core.StandardService - Starting service [Tomcat]
2022-06-09_23-41-57 [restartedMain] INFO  o.a.catalina.core.StandardEngine - Starting Servlet engine: [Apache Tomcat/9.0.56]
2022-06-09_23-41-57 [restartedMain] INFO  o.a.c.c.C.[Tomcat].[localhost].[/] - Initializing Spring embedded WebApplicationContext
2022-06-09_23-41-57 [restartedMain] INFO  o.s.b.w.s.c.ServletWebServerApplicationContext - Root WebApplicationContext: initialization completed in 2498 ms
2022-06-09_23-41-57 [restartedMain] INFO  o.a.catalina.core.StandardService - Stopping service [Tomcat]
2022-06-09_23-41-57 [restartedMain] INFO  o.s.b.a.l.ConditionEvaluationReportLoggingListener - 

Error starting ApplicationContext. To display the conditions report re-run your application with 'debug' enabled.
2022-06-09_23-43-16 [restartedMain] INFO  c.p.p.ProcessPensionServiceApplication - Starting ProcessPensionServiceApplication using Java 13 on DESKTOP-KA0RH82 with PID 11728 (C:\Users\SHREYASH\Desktop\New folder (2)\pension-management-system-main\process-pension-service\target\classes started by SHREYASH in C:\Users\SHREYASH\Desktop\New folder (2)\pension-management-system-main\process-pension-service)
2022-06-09_23-43-16 [restartedMain] INFO  c.p.p.ProcessPensionServiceApplication - No active profile set, falling back to default profiles: default
2022-06-09_23-43-16 [restartedMain] INFO  o.s.b.d.e.DevToolsPropertyDefaultsPostProcessor - Devtools property defaults active! Set 'spring.devtools.add-properties' to 'false' to disable
2022-06-09_23-43-16 [restartedMain] INFO  o.s.b.d.e.DevToolsPropertyDefaultsPostProcessor - For additional web related logging consider setting the 'logging.level.web' property to 'DEBUG'
2022-06-09_23-43-16 [restartedMain] INFO  o.s.cloud.context.scope.GenericScope - BeanFactory id=a1a9d42e-79a1-36db-85a9-9e5007d0bebf
2022-06-09_23-43-16 [restartedMain] INFO  o.s.b.w.e.tomcat.TomcatWebServer - Tomcat initialized with port(s): 5001 (http)
2022-06-09_23-43-16 [restartedMain] INFO  o.a.coyote.http11.Http11NioProtocol - Initializing ProtocolHandler ["http-nio-5001"]
2022-06-09_23-43-16 [restartedMain] INFO  o.a.catalina.core.StandardService - Starting service [Tomcat]
2022-06-09_23-43-16 [restartedMain] INFO  o.a.catalina.core.StandardEngine - Starting Servlet engine: [Apache Tomcat/9.0.56]
2022-06-09_23-43-16 [restartedMain] INFO  o.a.c.c.C.[Tomcat].[localhost].[/] - Initializing Spring embedded WebApplicationContext
2022-06-09_23-43-16 [restartedMain] INFO  o.s.b.w.s.c.ServletWebServerApplicationContext - Root WebApplicationContext: initialization completed in 2429 ms
2022-06-09_23-43-16 [restartedMain] INFO  o.a.coyote.http11.Http11NioProtocol - Starting ProtocolHandler ["http-nio-5001"]
2022-06-09_23-43-16 [restartedMain] INFO  o.s.b.w.e.tomcat.TomcatWebServer - Tomcat started on port(s): 5001 (http) with context path ''
2022-06-09_23-43-16 [restartedMain] INFO  c.p.p.ProcessPensionServiceApplication - Started ProcessPensionServiceApplication in 6.642 seconds (JVM running for 8.358)
2022-06-09_23-43-46 [restartedMain] INFO  c.p.p.ProcessPensionServiceApplication - Starting ProcessPensionServiceApplication using Java 13 on DESKTOP-KA0RH82 with PID 11728 (C:\Users\SHREYASH\Desktop\New folder (2)\pension-management-system-main\process-pension-service\target\classes started by SHREYASH in C:\Users\SHREYASH\Desktop\New folder (2)\pension-management-system-main\process-pension-service)
2022-06-09_23-43-46 [restartedMain] INFO  c.p.p.ProcessPensionServiceApplication - No active profile set, falling back to default profiles: default
2022-06-09_23-43-46 [restartedMain] INFO  o.s.cloud.context.scope.GenericScope - BeanFactory id=a1a9d42e-79a1-36db-85a9-9e5007d0bebf
2022-06-09_23-43-46 [restartedMain] INFO  o.s.b.w.e.tomcat.TomcatWebServer - Tomcat initialized with port(s): 5001 (http)
2022-06-09_23-43-46 [restartedMain] INFO  o.a.coyote.http11.Http11NioProtocol - Initializing ProtocolHandler ["http-nio-5001"]
2022-06-09_23-43-46 [restartedMain] INFO  o.a.catalina.core.StandardService - Starting service [Tomcat]
2022-06-09_23-43-46 [restartedMain] INFO  o.a.catalina.core.StandardEngine - Starting Servlet engine: [Apache Tomcat/9.0.56]
2022-06-09_23-43-46 [restartedMain] INFO  o.a.c.c.C.[Tomcat].[localhost].[/] - Initializing Spring embedded WebApplicationContext
2022-06-09_23-43-46 [restartedMain] INFO  o.s.b.w.s.c.ServletWebServerApplicationContext - Root WebApplicationContext: initialization completed in 980 ms
2022-06-09_23-43-46 [restartedMain] INFO  o.a.coyote.http11.Http11NioProtocol - Starting ProtocolHandler ["http-nio-5001"]
2022-06-09_23-43-46 [restartedMain] INFO  o.s.b.w.e.tomcat.TomcatWebServer - Tomcat started on port(s): 5001 (http) with context path ''
2022-06-09_23-43-46 [restartedMain] INFO  c.p.p.ProcessPensionServiceApplication - Started ProcessPensionServiceApplication in 3.128 seconds (JVM running for 35.628)
2022-06-09_23-43-46 [restartedMain] INFO  o.s.b.d.a.ConditionEvaluationDeltaLoggingListener - Condition evaluation unchanged
2022-06-09_23-43-46 [RMI TCP Connection(4)-127.0.0.1] INFO  o.s.b.a.SpringApplicationAdminMXBeanRegistrar$SpringApplicationAdmin - Application shutdown requested.
2022-06-09_23-44-10 [restartedMain] INFO  c.p.p.ProcessPensionServiceApplication - Starting ProcessPensionServiceApplication using Java 13 on DESKTOP-KA0RH82 with PID 1032 (C:\Users\SHREYASH\Desktop\New folder (2)\pension-management-system-main\process-pension-service\target\classes started by SHREYASH in C:\Users\SHREYASH\Desktop\New folder (2)\pension-management-system-main\process-pension-service)
2022-06-09_23-44-10 [restartedMain] INFO  c.p.p.ProcessPensionServiceApplication - No active profile set, falling back to default profiles: default
2022-06-09_23-44-10 [restartedMain] INFO  o.s.b.d.e.DevToolsPropertyDefaultsPostProcessor - Devtools property defaults active! Set 'spring.devtools.add-properties' to 'false' to disable
2022-06-09_23-44-10 [restartedMain] INFO  o.s.b.d.e.DevToolsPropertyDefaultsPostProcessor - For additional web related logging consider setting the 'logging.level.web' property to 'DEBUG'
2022-06-09_23-44-10 [restartedMain] INFO  o.s.cloud.context.scope.GenericScope - BeanFactory id=a1a9d42e-79a1-36db-85a9-9e5007d0bebf
2022-06-09_23-44-10 [restartedMain] INFO  o.s.b.w.e.tomcat.TomcatWebServer - Tomcat initialized with port(s): 5001 (http)
2022-06-09_23-44-10 [restartedMain] INFO  o.a.coyote.http11.Http11NioProtocol - Initializing ProtocolHandler ["http-nio-5001"]
2022-06-09_23-44-10 [restartedMain] INFO  o.a.catalina.core.StandardService - Starting service [Tomcat]
2022-06-09_23-44-10 [restartedMain] INFO  o.a.catalina.core.StandardEngine - Starting Servlet engine: [Apache Tomcat/9.0.56]
2022-06-09_23-44-10 [restartedMain] INFO  o.a.c.c.C.[Tomcat].[localhost].[/] - Initializing Spring embedded WebApplicationContext
2022-06-09_23-44-10 [restartedMain] INFO  o.s.b.w.s.c.ServletWebServerApplicationContext - Root WebApplicationContext: initialization completed in 4208 ms
2022-06-09_23-44-10 [restartedMain] INFO  o.a.coyote.http11.Http11NioProtocol - Starting ProtocolHandler ["http-nio-5001"]
2022-06-09_23-44-10 [restartedMain] INFO  o.s.b.w.e.tomcat.TomcatWebServer - Tomcat started on port(s): 5001 (http) with context path ''
2022-06-09_23-44-10 [restartedMain] INFO  c.p.p.ProcessPensionServiceApplication - Started ProcessPensionServiceApplication in 11.439 seconds (JVM running for 13.318)
2022-06-09_23-44-10 [http-nio-5001-exec-2] INFO  o.a.c.c.C.[Tomcat].[localhost].[/] - Initializing Spring DispatcherServlet 'dispatcherServlet'
2022-06-09_23-44-10 [http-nio-5001-exec-2] INFO  o.s.web.servlet.DispatcherServlet - Initializing Servlet 'dispatcherServlet'
2022-06-09_23-44-10 [http-nio-5001-exec-2] INFO  o.s.web.servlet.DispatcherServlet - Completed initialization in 1 ms
2022-06-09_23-44-10 [RMI TCP Connection(6)-127.0.0.1] INFO  o.s.b.a.SpringApplicationAdminMXBeanRegistrar$SpringApplicationAdmin - Application shutdown requested.
2022-06-09_23-47-11 [restartedMain] INFO  c.p.p.ProcessPensionServiceApplication - Starting ProcessPensionServiceApplication using Java 13 on DESKTOP-KA0RH82 with PID 11220 (C:\Users\SHREYASH\Desktop\New folder (2)\pension-management-system-main\process-pension-service\target\classes started by SHREYASH in C:\Users\SHREYASH\Desktop\New folder (2)\pension-management-system-main\process-pension-service)
2022-06-09_23-47-11 [restartedMain] INFO  c.p.p.ProcessPensionServiceApplication - No active profile set, falling back to default profiles: default
2022-06-09_23-47-11 [restartedMain] INFO  o.s.b.d.e.DevToolsPropertyDefaultsPostProcessor - Devtools property defaults active! Set 'spring.devtools.add-properties' to 'false' to disable
2022-06-09_23-47-11 [restartedMain] INFO  o.s.b.d.e.DevToolsPropertyDefaultsPostProcessor - For additional web related logging consider setting the 'logging.level.web' property to 'DEBUG'
2022-06-09_23-47-11 [restartedMain] INFO  o.s.cloud.context.scope.GenericScope - BeanFactory id=a1a9d42e-79a1-36db-85a9-9e5007d0bebf
2022-06-09_23-47-11 [restartedMain] INFO  o.s.b.w.e.tomcat.TomcatWebServer - Tomcat initialized with port(s): 5001 (http)
2022-06-09_23-47-11 [restartedMain] INFO  o.a.coyote.http11.Http11NioProtocol - Initializing ProtocolHandler ["http-nio-5001"]
2022-06-09_23-47-11 [restartedMain] INFO  o.a.catalina.core.StandardService - Starting service [Tomcat]
2022-06-09_23-47-11 [restartedMain] INFO  o.a.catalina.core.StandardEngine - Starting Servlet engine: [Apache Tomcat/9.0.56]
2022-06-09_23-47-11 [restartedMain] INFO  o.a.c.c.C.[Tomcat].[localhost].[/] - Initializing Spring embedded WebApplicationContext
2022-06-09_23-47-11 [restartedMain] INFO  o.s.b.w.s.c.ServletWebServerApplicationContext - Root WebApplicationContext: initialization completed in 3232 ms
2022-06-09_23-47-11 [restartedMain] INFO  o.a.coyote.http11.Http11NioProtocol - Starting ProtocolHandler ["http-nio-5001"]
2022-06-09_23-47-11 [restartedMain] INFO  o.s.b.w.e.tomcat.TomcatWebServer - Tomcat started on port(s): 5001 (http) with context path ''
2022-06-09_23-47-11 [restartedMain] INFO  c.p.p.ProcessPensionServiceApplication - Started ProcessPensionServiceApplication in 8.525 seconds (JVM running for 11.286)
2022-06-09_23-47-42 [restartedMain] INFO  c.p.p.ProcessPensionServiceApplication - Starting ProcessPensionServiceApplication using Java 13 on DESKTOP-KA0RH82 with PID 11220 (C:\Users\SHREYASH\Desktop\New folder (2)\pension-management-system-main\process-pension-service\target\classes started by SHREYASH in C:\Users\SHREYASH\Desktop\New folder (2)\pension-management-system-main\process-pension-service)
2022-06-09_23-47-42 [restartedMain] INFO  c.p.p.ProcessPensionServiceApplication - No active profile set, falling back to default profiles: default
2022-06-09_23-48-48 [restartedMain] INFO  c.p.p.ProcessPensionServiceApplication - Starting ProcessPensionServiceApplication using Java 13 on DESKTOP-KA0RH82 with PID 9448 (C:\Users\SHREYASH\Desktop\New folder (2)\pension-management-system-main\process-pension-service\target\classes started by SHREYASH in C:\Users\SHREYASH\Desktop\New folder (2)\pension-management-system-main\process-pension-service)
2022-06-09_23-48-48 [restartedMain] INFO  c.p.p.ProcessPensionServiceApplication - No active profile set, falling back to default profiles: default
2022-06-09_23-48-48 [restartedMain] INFO  o.s.b.d.e.DevToolsPropertyDefaultsPostProcessor - Devtools property defaults active! Set 'spring.devtools.add-properties' to 'false' to disable
2022-06-09_23-48-48 [restartedMain] INFO  o.s.b.d.e.DevToolsPropertyDefaultsPostProcessor - For additional web related logging consider setting the 'logging.level.web' property to 'DEBUG'
2022-06-09_23-48-48 [restartedMain] INFO  o.s.cloud.context.scope.GenericScope - BeanFactory id=a1a9d42e-79a1-36db-85a9-9e5007d0bebf
2022-06-09_23-48-48 [restartedMain] INFO  o.s.b.w.e.tomcat.TomcatWebServer - Tomcat initialized with port(s): 5001 (http)
2022-06-09_23-48-48 [restartedMain] INFO  o.a.coyote.http11.Http11NioProtocol - Initializing ProtocolHandler ["http-nio-5001"]
2022-06-09_23-48-48 [restartedMain] INFO  o.a.catalina.core.StandardService - Starting service [Tomcat]
2022-06-09_23-48-48 [restartedMain] INFO  o.a.catalina.core.StandardEngine - Starting Servlet engine: [Apache Tomcat/9.0.56]
2022-06-09_23-48-48 [restartedMain] INFO  o.a.c.c.C.[Tomcat].[localhost].[/] - Initializing Spring embedded WebApplicationContext
2022-06-09_23-48-48 [restartedMain] INFO  o.s.b.w.s.c.ServletWebServerApplicationContext - Root WebApplicationContext: initialization completed in 2786 ms
2022-06-09_23-49-41 [restartedMain] INFO  c.p.p.ProcessPensionServiceApplication - Starting ProcessPensionServiceApplication using Java 13 on DESKTOP-KA0RH82 with PID 9240 (C:\Users\SHREYASH\Desktop\New folder (2)\pension-management-system-main\process-pension-service\target\classes started by SHREYASH in C:\Users\SHREYASH\Desktop\New folder (2)\pension-management-system-main\process-pension-service)
2022-06-09_23-49-41 [restartedMain] INFO  c.p.p.ProcessPensionServiceApplication - No active profile set, falling back to default profiles: default
2022-06-09_23-49-41 [restartedMain] INFO  o.s.b.d.e.DevToolsPropertyDefaultsPostProcessor - Devtools property defaults active! Set 'spring.devtools.add-properties' to 'false' to disable
2022-06-09_23-49-41 [restartedMain] INFO  o.s.b.d.e.DevToolsPropertyDefaultsPostProcessor - For additional web related logging consider setting the 'logging.level.web' property to 'DEBUG'
2022-06-09_23-49-41 [restartedMain] INFO  o.s.cloud.context.scope.GenericScope - BeanFactory id=a1a9d42e-79a1-36db-85a9-9e5007d0bebf
2022-06-09_23-49-41 [restartedMain] INFO  o.s.b.w.e.tomcat.TomcatWebServer - Tomcat initialized with port(s): 5001 (http)
2022-06-09_23-49-41 [restartedMain] INFO  o.a.coyote.http11.Http11NioProtocol - Initializing ProtocolHandler ["http-nio-5001"]
2022-06-09_23-49-41 [restartedMain] INFO  o.a.catalina.core.StandardService - Starting service [Tomcat]
2022-06-09_23-49-41 [restartedMain] INFO  o.a.catalina.core.StandardEngine - Starting Servlet engine: [Apache Tomcat/9.0.56]
2022-06-09_23-49-41 [restartedMain] INFO  o.a.c.c.C.[Tomcat].[localhost].[/] - Initializing Spring embedded WebApplicationContext
2022-06-09_23-49-41 [restartedMain] INFO  o.s.b.w.s.c.ServletWebServerApplicationContext - Root WebApplicationContext: initialization completed in 4470 ms
2022-06-09_23-49-41 [restartedMain] INFO  o.a.coyote.http11.Http11NioProtocol - Starting ProtocolHandler ["http-nio-5001"]
2022-06-09_23-49-41 [restartedMain] INFO  o.s.b.w.e.tomcat.TomcatWebServer - Tomcat started on port(s): 5001 (http) with context path ''
2022-06-09_23-49-41 [restartedMain] INFO  c.p.p.ProcessPensionServiceApplication - Started ProcessPensionServiceApplication in 11.086 seconds (JVM running for 13.107)
2022-06-09_23-49-41 [http-nio-5001-exec-2] INFO  o.a.c.c.C.[Tomcat].[localhost].[/] - Initializing Spring DispatcherServlet 'dispatcherServlet'
2022-06-09_23-49-41 [http-nio-5001-exec-2] INFO  o.s.web.servlet.DispatcherServlet - Initializing Servlet 'dispatcherServlet'
2022-06-09_23-49-41 [http-nio-5001-exec-2] INFO  o.s.web.servlet.DispatcherServlet - Completed initialization in 2 ms
2022-06-09_23-48-48 [restartedMain] INFO  o.a.coyote.http11.Http11NioProtocol - Starting ProtocolHandler ["http-nio-5001"]
2022-06-09_23-48-48 [restartedMain] INFO  o.a.coyote.http11.Http11NioProtocol - Pausing ProtocolHandler ["http-nio-5001"]
2022-06-09_23-48-48 [restartedMain] INFO  o.a.catalina.core.StandardService - Stopping service [Tomcat]
2022-06-09_23-48-48 [restartedMain] INFO  o.a.coyote.http11.Http11NioProtocol - Stopping ProtocolHandler ["http-nio-5001"]
2022-06-09_23-48-48 [restartedMain] INFO  o.a.coyote.http11.Http11NioProtocol - Destroying ProtocolHandler ["http-nio-5001"]
2022-06-09_23-48-48 [restartedMain] INFO  o.s.b.a.l.ConditionEvaluationReportLoggingListener - 

Error starting ApplicationContext. To display the conditions report re-run your application with 'debug' enabled.
2022-06-09_23-49-41 [RMI TCP Connection(5)-127.0.0.1] INFO  o.s.b.a.SpringApplicationAdminMXBeanRegistrar$SpringApplicationAdmin - Application shutdown requested.
2022-06-09_23-52-51 [restartedMain] INFO  c.p.p.ProcessPensionServiceApplication - Starting ProcessPensionServiceApplication using Java 13 on DESKTOP-KA0RH82 with PID 8576 (C:\Users\SHREYASH\Desktop\New folder (2)\pension-management-system-main\process-pension-service\target\classes started by SHREYASH in C:\Users\SHREYASH\Desktop\New folder (2)\pension-management-system-main\process-pension-service)
2022-06-09_23-52-51 [restartedMain] INFO  c.p.p.ProcessPensionServiceApplication - No active profile set, falling back to default profiles: default
2022-06-09_23-52-51 [restartedMain] INFO  o.s.b.d.e.DevToolsPropertyDefaultsPostProcessor - Devtools property defaults active! Set 'spring.devtools.add-properties' to 'false' to disable
2022-06-09_23-52-51 [restartedMain] INFO  o.s.b.d.e.DevToolsPropertyDefaultsPostProcessor - For additional web related logging consider setting the 'logging.level.web' property to 'DEBUG'
2022-06-09_23-52-51 [restartedMain] INFO  o.s.cloud.context.scope.GenericScope - BeanFactory id=a1a9d42e-79a1-36db-85a9-9e5007d0bebf
2022-06-09_23-52-51 [restartedMain] INFO  o.s.b.w.e.tomcat.TomcatWebServer - Tomcat initialized with port(s): 5001 (http)
2022-06-09_23-52-51 [restartedMain] INFO  o.a.coyote.http11.Http11NioProtocol - Initializing ProtocolHandler ["http-nio-5001"]
2022-06-09_23-52-51 [restartedMain] INFO  o.a.catalina.core.StandardService - Starting service [Tomcat]
2022-06-09_23-52-51 [restartedMain] INFO  o.a.catalina.core.StandardEngine - Starting Servlet engine: [Apache Tomcat/9.0.56]
2022-06-09_23-52-51 [restartedMain] INFO  o.a.c.c.C.[Tomcat].[localhost].[/] - Initializing Spring embedded WebApplicationContext
2022-06-09_23-52-51 [restartedMain] INFO  o.s.b.w.s.c.ServletWebServerApplicationContext - Root WebApplicationContext: initialization completed in 3325 ms
2022-06-09_23-52-51 [RMI TCP Connection(2)-127.0.0.1] INFO  o.s.b.a.SpringApplicationAdminMXBeanRegistrar$SpringApplicationAdmin - Application shutdown requested.
2022-06-09_23-52-51 [RMI TCP Connection(4)-127.0.0.1] INFO  o.s.b.a.SpringApplicationAdminMXBeanRegistrar$SpringApplicationAdmin - Application shutdown requested.
2022-06-09_23-52-51 [RMI TCP Connection(5)-127.0.0.1] INFO  o.s.b.a.SpringApplicationAdminMXBeanRegistrar$SpringApplicationAdmin - Application shutdown requested.
2022-06-09_23-52-51 [RMI TCP Connection(7)-127.0.0.1] INFO  o.s.b.a.SpringApplicationAdminMXBeanRegistrar$SpringApplicationAdmin - Application shutdown requested.
2022-06-09_23-52-51 [RMI TCP Connection(6)-127.0.0.1] INFO  o.s.b.a.SpringApplicationAdminMXBeanRegistrar$SpringApplicationAdmin - Application shutdown requested.
2022-06-09_23-52-51 [RMI TCP Connection(9)-127.0.0.1] INFO  o.s.b.a.SpringApplicationAdminMXBeanRegistrar$SpringApplicationAdmin - Application shutdown requested.
2022-06-09_23-52-51 [RMI TCP Connection(8)-127.0.0.1] INFO  o.s.b.a.SpringApplicationAdminMXBeanRegistrar$SpringApplicationAdmin - Application shutdown requested.
2022-06-09_23-52-51 [RMI TCP Connection(11)-127.0.0.1] INFO  o.s.b.a.SpringApplicationAdminMXBeanRegistrar$SpringApplicationAdmin - Application shutdown requested.
2022-06-09_23-55-34 [restartedMain] INFO  c.p.p.ProcessPensionServiceApplication - Starting ProcessPensionServiceApplication using Java 13 on DESKTOP-KA0RH82 with PID 10600 (C:\Users\SHREYASH\Desktop\New folder (2)\pension-management-system-main\process-pension-service\target\classes started by SHREYASH in C:\Users\SHREYASH\Desktop\New folder (2)\pension-management-system-main\process-pension-service)
2022-06-09_23-55-34 [restartedMain] INFO  c.p.p.ProcessPensionServiceApplication - No active profile set, falling back to default profiles: default
2022-06-09_23-55-34 [restartedMain] INFO  o.s.b.d.e.DevToolsPropertyDefaultsPostProcessor - Devtools property defaults active! Set 'spring.devtools.add-properties' to 'false' to disable
2022-06-09_23-55-34 [restartedMain] INFO  o.s.b.d.e.DevToolsPropertyDefaultsPostProcessor - For additional web related logging consider setting the 'logging.level.web' property to 'DEBUG'
2022-06-09_23-55-34 [restartedMain] INFO  o.s.cloud.context.scope.GenericScope - BeanFactory id=a1a9d42e-79a1-36db-85a9-9e5007d0bebf
2022-06-09_23-55-34 [restartedMain] INFO  o.s.b.w.e.tomcat.TomcatWebServer - Tomcat initialized with port(s): 5001 (http)
2022-06-09_23-55-34 [restartedMain] INFO  o.a.coyote.http11.Http11NioProtocol - Initializing ProtocolHandler ["http-nio-5001"]
2022-06-09_23-55-34 [restartedMain] INFO  o.a.catalina.core.StandardService - Starting service [Tomcat]
2022-06-09_23-55-34 [restartedMain] INFO  o.a.catalina.core.StandardEngine - Starting Servlet engine: [Apache Tomcat/9.0.56]
2022-06-09_23-55-34 [restartedMain] INFO  o.a.c.c.C.[Tomcat].[localhost].[/] - Initializing Spring embedded WebApplicationContext
2022-06-09_23-55-34 [restartedMain] INFO  o.s.b.w.s.c.ServletWebServerApplicationContext - Root WebApplicationContext: initialization completed in 4044 ms
2022-06-09_23-52-51 [restartedMain] INFO  o.a.coyote.http11.Http11NioProtocol - Starting ProtocolHandler ["http-nio-5001"]
2022-06-09_23-52-51 [restartedMain] INFO  o.s.b.w.e.tomcat.TomcatWebServer - Tomcat started on port(s): 5001 (http) with context path ''
2022-06-09_23-52-51 [RMI TCP Connection(13)-127.0.0.1] INFO  o.s.b.a.SpringApplicationAdminMXBeanRegistrar$SpringApplicationAdmin - Application shutdown requested.
2022-06-09_23-52-51 [RMI TCP Connection(15)-127.0.0.1] INFO  o.s.b.a.SpringApplicationAdminMXBeanRegistrar$SpringApplicationAdmin - Application shutdown requested.
2022-06-09_23-52-51 [http-nio-5001-exec-2] INFO  o.a.c.c.C.[Tomcat].[localhost].[/] - Initializing Spring DispatcherServlet 'dispatcherServlet'
2022-06-09_23-52-51 [http-nio-5001-exec-2] INFO  o.s.web.servlet.DispatcherServlet - Initializing Servlet 'dispatcherServlet'
2022-06-09_23-52-51 [http-nio-5001-exec-2] INFO  o.s.web.servlet.DispatcherServlet - Completed initialization in 4710 ms
2022-06-09_23-58-48 [restartedMain] INFO  c.p.p.ProcessPensionServiceApplication - Starting ProcessPensionServiceApplication using Java 13 on DESKTOP-KA0RH82 with PID 9364 (C:\Users\SHREYASH\Desktop\New folder (2)\pension-management-system-main\process-pension-service\target\classes started by SHREYASH in C:\Users\SHREYASH\Desktop\New folder (2)\pension-management-system-main\process-pension-service)
2022-06-09_23-58-48 [restartedMain] INFO  c.p.p.ProcessPensionServiceApplication - No active profile set, falling back to default profiles: default
2022-06-09_23-58-48 [restartedMain] INFO  o.s.b.d.e.DevToolsPropertyDefaultsPostProcessor - Devtools property defaults active! Set 'spring.devtools.add-properties' to 'false' to disable
2022-06-09_23-58-48 [restartedMain] INFO  o.s.b.d.e.DevToolsPropertyDefaultsPostProcessor - For additional web related logging consider setting the 'logging.level.web' property to 'DEBUG'
2022-06-09_23-58-48 [restartedMain] INFO  o.s.cloud.context.scope.GenericScope - BeanFactory id=a1a9d42e-79a1-36db-85a9-9e5007d0bebf
2022-06-09_23-58-48 [restartedMain] INFO  o.s.b.w.e.tomcat.TomcatWebServer - Tomcat initialized with port(s): 5001 (http)
2022-06-09_23-58-48 [restartedMain] INFO  o.a.coyote.http11.Http11NioProtocol - Initializing ProtocolHandler ["http-nio-5001"]
2022-06-09_23-58-48 [restartedMain] INFO  o.a.catalina.core.StandardService - Starting service [Tomcat]
2022-06-09_23-58-48 [restartedMain] INFO  o.a.catalina.core.StandardEngine - Starting Servlet engine: [Apache Tomcat/9.0.56]
2022-06-09_23-58-48 [restartedMain] INFO  o.a.c.c.C.[Tomcat].[localhost].[/] - Initializing Spring embedded WebApplicationContext
2022-06-09_23-58-48 [restartedMain] INFO  o.s.b.w.s.c.ServletWebServerApplicationContext - Root WebApplicationContext: initialization completed in 2681 ms
2022-06-09_23-58-48 [restartedMain] INFO  o.s.b.d.a.OptionalLiveReloadServer - LiveReload server is running on port 35729
